        -:    0:Source:/home/xiao/Test/lex/source/triangle.c
        -:    0:Graph:triangle.gcno
        -:    0:Data:triangle.gcda
        -:    0:Runs:18
        -:    0:Programs:1
        -:    1:#include<stdio.h>
        -:    2:#include<stdbool.h>
       18:    3:bool judge(int a,int b,int c){
       18:    4:	if(a+b>c&&b+c>a&&a+c>b){
       20:    5:		if(a==b){
        4:    6:			if(b==c){
        2:    7:				printf("Equilateral triangle!\n");
        -:    8:			}else{
        2:    9:				printf("Isosceles triangle!\n");
        -:   10:			}
        -:   11:		}else{
        6:   12:			if(b==c){
    #####:   13:				printf("Isosceles triangle!\n");
        -:   14:			}else{
        6:   15:				if(c==a){
    #####:   16:					printf("Isosceles triangle!\n");
        -:   17:				}else{
        6:   18:					printf("Not Equilateral triangle!\n");
        -:   19:				}
        -:   20:			}
        -:   21:		}
        -:   22:	}else{
        8:   23:		printf("Does not constitute a triangle!\n");
        -:   24:	}
       18:   25:	return 0;
        -:   26:}
       18:   27:int main(int argc,char *argv[]){
       18:   28:	if(argc<4){
    #####:   29:		printf("Need three args!\n");
    #####:   30:		return 0;
        -:   31:	}
       18:   32:	int a=atoi(argv[1]);
       18:   33:	int b=atoi(argv[2]);
       18:   34:	int c=atoi(argv[3]);
       18:   35:	printf("%d",judge(a,b,c));
       18:   36:	return 0;
        -:   37:}
