        -:    0:Source:/home/xiao/Test/lex/branch/triangle.c
        -:    0:Graph:triangle.gcno
        -:    0:Data:triangle.gcda
        -:    0:Runs:9
        -:    0:Programs:1
        -:    1:#include<stdio.h>
        -:    2:#include<stdbool.h>
        9:    3:bool judge(int a,int b,int c){
        9:    4:	if(a+b>c&&b+c>a&&a+c>b){
       10:    5:		if(a==b){
        2:    6:			if(b==c){
        1:    7:				printf("Equilateral triangle!\n");
        -:    8:			}else{
        1:    9:				printf("Isosceles triangle!\n");
        -:   10:			}
        -:   11:		}else{
        3:   12:			if(b==c){
    #####:   13:				printf("Isosceles triangle!\n");
        -:   14:			}else{
        3:   15:				if(c==a){
    #####:   16:					printf("Isosceles triangle!\n");
        -:   17:				}else{
        3:   18:					printf("Not Equilateral triangle!\n");
        -:   19:				}
        -:   20:			}
        -:   21:		}
        -:   22:	}else{
        4:   23:		printf("Does not constitute a triangle!\n");
        -:   24:	}
        9:   25:	return 0;
        -:   26:}
        9:   27:int main(int argc,char *argv[]){
        9:   28:	if(argc<4){
    #####:   29:		printf("Need three args!\n");
    #####:   30:		return 0;
        -:   31:	}
        9:   32:	int a=atoi(argv[1]);
        9:   33:	int b=atoi(argv[2]);
        9:   34:	int c=atoi(argv[3]);
        9:   35:	printf("%d",judge(a,b,c));
        9:   36:	return 0;
        -:   37:}
